/*C4*/SET SCHEMA PUBLIC
CREATE TABLE user\u000a(\u000a\u0009username varchar(50) NOT NULL,\u000a\u0009password varchar(50) NOT NULL,\u000a\u0009CONSTRAINT user_pkey PRIMARY KEY(username)\u000a)
CREATE TABLE link\u000a(\u000a\u0009id int NOT NULL IDENTITY,\u000a\u0009title varchar(100) NOT NULL,\u000a\u0009description varchar(300) NOT NULL,\u000a\u0009url varchar(400) NOT NULL,\u000a\u0009votes int NOT NULL,\u000a\u0009username varchar(50) NOT NULL,\u000a  \u0009constraint fk_1 foreign key(username) references user(username)\u000a)
CREATE TABLE client\u000a(\u000a\u0009username varchar(50) NOT NULL,\u000a\u0009password varchar(255) NOT NULL,\u000a  PRIMARY KEY (username)\u000a)
INSERT INTO CLIENT VALUES('erick','1234')
COMMIT
INSERT INTO CLIENT VALUES('kavery','cpsc476')
COMMIT
/*C5*/SET SCHEMA PUBLIC
DISCONNECT
/*C6*/SET SCHEMA PUBLIC
DISCONNECT
/*C7*/SET SCHEMA PUBLIC
DISCONNECT
/*C8*/SET SCHEMA PUBLIC
INSERT INTO USER VALUES('user1','cpsc476')
COMMIT
DISCONNECT
/*C9*/SET SCHEMA PUBLIC
DISCONNECT
/*C10*/SET SCHEMA PUBLIC
DISCONNECT
/*C4*/DELETE FROM USER WHERE USERNAME='user1'
COMMIT
/*C11*/SET SCHEMA PUBLIC
DISCONNECT
/*C12*/SET SCHEMA PUBLIC
INSERT INTO USER VALUES('user1','cpsc476')
COMMIT
DISCONNECT
/*C4*/DELETE FROM USER WHERE USERNAME='user1'
COMMIT
/*C13*/SET SCHEMA PUBLIC
DISCONNECT
/*C14*/SET SCHEMA PUBLIC
INSERT INTO USER VALUES('user1','cpsc476')
COMMIT
DISCONNECT
/*C4*/DELETE FROM USER WHERE USERNAME='user1'
COMMIT
/*C15*/SET SCHEMA PUBLIC
DISCONNECT
/*C16*/SET SCHEMA PUBLIC
INSERT INTO USER VALUES('user1','cpsc476')
COMMIT
DISCONNECT
/*C4*/DELETE FROM USER WHERE USERNAME='user1'
COMMIT
/*C17*/SET SCHEMA PUBLIC
DISCONNECT
/*C18*/SET SCHEMA PUBLIC
INSERT INTO USER VALUES('user1','cpsc476')
COMMIT
DISCONNECT
/*C19*/SET SCHEMA PUBLIC
DISCONNECT
/*C20*/SET SCHEMA PUBLIC
DISCONNECT
/*C4*/DELETE FROM USER WHERE USERNAME='user1'
COMMIT
/*C21*/SET SCHEMA PUBLIC
DISCONNECT
/*C22*/SET SCHEMA PUBLIC
INSERT INTO USER VALUES('user1','cpsc476')
COMMIT
DISCONNECT
/*C23*/SET SCHEMA PUBLIC
DISCONNECT
/*C24*/SET SCHEMA PUBLIC
DELETE FROM USER WHERE USERNAME='user1'
INSERT INTO USER VALUES('user1','cpsc476')
COMMIT
DISCONNECT
/*C25*/SET SCHEMA PUBLIC
DISCONNECT
/*C26*/SET SCHEMA PUBLIC
DISCONNECT
/*C27*/SET SCHEMA PUBLIC
DISCONNECT
/*C28*/SET SCHEMA PUBLIC
DELETE FROM USER WHERE USERNAME='user1'
INSERT INTO USER VALUES('user1','cpsc476')
COMMIT
DISCONNECT
/*C29*/SET SCHEMA PUBLIC
DISCONNECT
/*C30*/SET SCHEMA PUBLIC
DELETE FROM USER WHERE USERNAME='user1'
INSERT INTO USER VALUES('user2','cpsc476')
COMMIT
DISCONNECT
/*C31*/SET SCHEMA PUBLIC
DISCONNECT
/*C32*/SET SCHEMA PUBLIC
INSERT INTO USER VALUES('user1','cpsc476')
COMMIT
DISCONNECT
/*C33*/SET SCHEMA PUBLIC
DISCONNECT
/*C34*/SET SCHEMA PUBLIC
DISCONNECT
/*C4*/DELETE FROM USER WHERE USERNAME='user1'
COMMIT
/*C35*/SET SCHEMA PUBLIC
DISCONNECT
/*C36*/SET SCHEMA PUBLIC
DISCONNECT
/*C37*/SET SCHEMA PUBLIC
DISCONNECT
/*C38*/SET SCHEMA PUBLIC
INSERT INTO USER VALUES('user1','cpsc476')
COMMIT
DISCONNECT
/*C39*/SET SCHEMA PUBLIC
DISCONNECT
/*C40*/SET SCHEMA PUBLIC
DISCONNECT
/*C41*/SET SCHEMA PUBLIC
DISCONNECT
/*C42*/SET SCHEMA PUBLIC
DISCONNECT
/*C43*/SET SCHEMA PUBLIC
DISCONNECT
/*C44*/SET SCHEMA PUBLIC
DISCONNECT
/*C45*/SET SCHEMA PUBLIC
DISCONNECT
/*C46*/SET SCHEMA PUBLIC
DISCONNECT
/*C47*/SET SCHEMA PUBLIC
DISCONNECT
/*C48*/SET SCHEMA PUBLIC
DISCONNECT
/*C49*/SET SCHEMA PUBLIC
DISCONNECT
/*C50*/SET SCHEMA PUBLIC
DISCONNECT
/*C51*/SET SCHEMA PUBLIC
DISCONNECT
/*C52*/SET SCHEMA PUBLIC
DISCONNECT
/*C53*/SET SCHEMA PUBLIC
DELETE FROM USER WHERE USERNAME='user1'
COMMIT
DISCONNECT
/*C54*/SET SCHEMA PUBLIC
DISCONNECT
/*C55*/SET SCHEMA PUBLIC
INSERT INTO USER VALUES('user1','cpsc476')
COMMIT
DISCONNECT
/*C56*/SET SCHEMA PUBLIC
DISCONNECT
/*C57*/SET SCHEMA PUBLIC
DISCONNECT
/*C58*/SET SCHEMA PUBLIC
DISCONNECT
/*C59*/SET SCHEMA PUBLIC
DISCONNECT
/*C60*/SET SCHEMA PUBLIC
DISCONNECT
/*C61*/SET SCHEMA PUBLIC
DELETE FROM USER WHERE USERNAME='user1'
COMMIT
DISCONNECT
/*C62*/SET SCHEMA PUBLIC
DISCONNECT
/*C63*/SET SCHEMA PUBLIC
INSERT INTO USER VALUES('user1','cpsc476')
COMMIT
DISCONNECT
/*C64*/SET SCHEMA PUBLIC
DISCONNECT
/*C65*/SET SCHEMA PUBLIC
DISCONNECT
/*C66*/SET SCHEMA PUBLIC
DISCONNECT
/*C67*/SET SCHEMA PUBLIC
DISCONNECT
/*C68*/SET SCHEMA PUBLIC
DISCONNECT
/*C69*/SET SCHEMA PUBLIC
INSERT INTO LINK VALUES(0,'reddit','reddit','http://www.reddit.com/',0,'user1')
COMMIT
DISCONNECT
/*C70*/SET SCHEMA PUBLIC
DISCONNECT
/*C71*/SET SCHEMA PUBLIC
INSERT INTO LINK VALUES(1,'reddit','reddit','http://www.reddit.com/',0,'user2')
COMMIT
DISCONNECT
/*C72*/SET SCHEMA PUBLIC
DISCONNECT
/*C73*/SET SCHEMA PUBLIC
DISCONNECT
/*C74*/SET SCHEMA PUBLIC
DISCONNECT
/*C75*/SET SCHEMA PUBLIC
INSERT INTO LINK VALUES(2,'skimmdit','skimmdit','http://localhost:8080/skimmdit',0,'user2')
COMMIT
DISCONNECT
/*C76*/SET SCHEMA PUBLIC
DISCONNECT
/*C77*/SET SCHEMA PUBLIC
DISCONNECT
/*C78*/SET SCHEMA PUBLIC
DELETE FROM LINK WHERE ID=1
INSERT INTO LINK VALUES(1,'reddit','reddit link','http://www.reddit.com/',0,'user2')
COMMIT
DISCONNECT
/*C79*/SET SCHEMA PUBLIC
DISCONNECT
/*C80*/SET SCHEMA PUBLIC
DISCONNECT
/*C81*/SET SCHEMA PUBLIC
DELETE FROM LINK WHERE ID=0
INSERT INTO LINK VALUES(0,'reddit application','reddit link','http://www.reddit.com/',0,'user1')
COMMIT
DISCONNECT
/*C82*/SET SCHEMA PUBLIC
DISCONNECT
/*C83*/SET SCHEMA PUBLIC
INSERT INTO LINK VALUES(3,'professor google','google','https://www.google.com',0,'user1')
COMMIT
DISCONNECT
/*C84*/SET SCHEMA PUBLIC
DISCONNECT
/*C85*/SET SCHEMA PUBLIC
DELETE FROM LINK WHERE ID=2
COMMIT
DISCONNECT
/*C86*/SET SCHEMA PUBLIC
DISCONNECT
/*C87*/SET SCHEMA PUBLIC
DISCONNECT
/*C88*/SET SCHEMA PUBLIC
DELETE FROM LINK WHERE ID=1
INSERT INTO LINK VALUES(1,'reddit','reddit link','http://www.reddit.com/',1,'user2')
COMMIT
DISCONNECT
/*C89*/SET SCHEMA PUBLIC
DISCONNECT
/*C90*/SET SCHEMA PUBLIC
DISCONNECT
/*C91*/SET SCHEMA PUBLIC
DELETE FROM LINK WHERE ID=1
INSERT INTO LINK VALUES(1,'reddit','reddit link','http://www.reddit.com/',2,'user2')
COMMIT
DISCONNECT
/*C92*/SET SCHEMA PUBLIC
DISCONNECT
/*C93*/SET SCHEMA PUBLIC
DISCONNECT
/*C94*/SET SCHEMA PUBLIC
DELETE FROM LINK WHERE ID=1
INSERT INTO LINK VALUES(1,'reddit','reddit link','http://www.reddit.com/',1,'user2')
COMMIT
DISCONNECT
/*C95*/SET SCHEMA PUBLIC
DISCONNECT
/*C96*/SET SCHEMA PUBLIC
DISCONNECT
/*C97*/SET SCHEMA PUBLIC
DISCONNECT
/*C98*/SET SCHEMA PUBLIC
DISCONNECT
/*C99*/SET SCHEMA PUBLIC
DISCONNECT
/*C100*/SET SCHEMA PUBLIC
DISCONNECT
/*C101*/SET SCHEMA PUBLIC
DISCONNECT
/*C102*/SET SCHEMA PUBLIC
DISCONNECT
/*C103*/SET SCHEMA PUBLIC
DISCONNECT
/*C104*/SET SCHEMA PUBLIC
DISCONNECT
/*C105*/SET SCHEMA PUBLIC
DISCONNECT
/*C106*/SET SCHEMA PUBLIC
DISCONNECT
/*C107*/SET SCHEMA PUBLIC
DELETE FROM LINK WHERE ID=1
INSERT INTO LINK VALUES(1,'reddit','reddit link','http://www.reddit.com/',2,'user2')
COMMIT
DISCONNECT
/*C108*/SET SCHEMA PUBLIC
DISCONNECT
/*C109*/SET SCHEMA PUBLIC
DISCONNECT
/*C110*/SET SCHEMA PUBLIC
DELETE FROM LINK WHERE ID=1
INSERT INTO LINK VALUES(1,'reddit','reddit link','http://www.reddit.com/',1,'user2')
COMMIT
DISCONNECT
/*C111*/SET SCHEMA PUBLIC
DISCONNECT
/*C112*/SET SCHEMA PUBLIC
DISCONNECT
/*C113*/SET SCHEMA PUBLIC
DELETE FROM LINK WHERE ID=1
INSERT INTO LINK VALUES(1,'reddit','reddit link','http://www.reddit.com/',2,'user2')
COMMIT
DISCONNECT
